
> smart-meeting-room-system@1.0.0 start
> react-scripts start

[34mi[39m [90m｢wds｣[39m: Project is running at http://192.168.15.1/
[34mi[39m [90m｢wds｣[39m: webpack output is served from 
[34mi[39m [90m｢wds｣[39m: Content not from webpack is served from C:\Users\party\BookingService\smart-meeting-room-system\frontend\public
[34mi[39m [90m｢wds｣[39m: 404s will fallback to /
Starting the development server...

Failed to compile.

src\components\ApprovalQueue.tsx
Syntax error: Unexpected token, expected ")" (13:27)

[0m [90m 11 |[39m                 [36mconst[39m response [33m=[39m [36mawait[39m getPendingApprovals()[33m;[39m
 [90m 12 |[39m                 setApprovals(response[33m.[39mdata)[33m;[39m
[31m[1m>[22m[39m[90m 13 |[39m             } [36mcatch[39m (error[33m:[39m unknown) {
 [90m    |[39m                           [31m[1m^[22m[39m
 [90m 14 |[39m                 [36mconst[39m msg [33m=[39m error [36minstanceof[39m [33mError[39m [33m?[39m error[33m.[39mmessage [33m:[39m [33mString[39m(error)[33m;[39m
 [90m 15 |[39m                 console[33m.[39merror([32m'Error fetching approvals:'[39m[33m,[39m msg)[33m;[39m
 [90m 16 |[39m             } [36mfinally[39m {[0m
Compiling...
Failed to compile.

src\components\ApprovalQueue.tsx
Syntax error: Unexpected token, expected ")" (13:27)

[0m [90m 11 |[39m                 [36mconst[39m response [33m=[39m [36mawait[39m getPendingApprovals()[33m;[39m
 [90m 12 |[39m                 setApprovals(response[33m.[39mdata)[33m;[39m
[31m[1m>[22m[39m[90m 13 |[39m             } [36mcatch[39m (error[33m:[39m unknown) {
 [90m    |[39m                           [31m[1m^[22m[39m
 [90m 14 |[39m                 [36mconst[39m msg [33m=[39m error [36minstanceof[39m [33mError[39m [33m?[39m error[33m.[39mmessage [33m:[39m [33mString[39m(error)[33m;[39m
 [90m 15 |[39m                 console[33m.[39merror([32m'Error fetching approvals:'[39m[33m,[39m msg)[33m;[39m
 [90m 16 |[39m             } [36mfinally[39m {[0m
Compiling...
Failed to compile.

src\components\ApprovalQueue.tsx
Syntax error: Unexpected token, expected ")" (13:27)

[0m [90m 11 |[39m                 [36mconst[39m response [33m=[39m [36mawait[39m getPendingApprovals()[33m;[39m
 [90m 12 |[39m                 setApprovals(response[33m.[39mdata)[33m;[39m
[31m[1m>[22m[39m[90m 13 |[39m             } [36mcatch[39m (error[33m:[39m unknown) {
 [90m    |[39m                           [31m[1m^[22m[39m
 [90m 14 |[39m                 [36mconst[39m msg [33m=[39m error [36minstanceof[39m [33mError[39m [33m?[39m error[33m.[39mmessage [33m:[39m [33mString[39m(error)[33m;[39m
 [90m 15 |[39m                 console[33m.[39merror([32m'Error fetching approvals:'[39m[33m,[39m msg)[33m;[39m
 [90m 16 |[39m             } [36mfinally[39m {[0m
Compiling...
Failed to compile.

src\components\ApprovalQueue.tsx
Syntax error: Unexpected token, expected ")" (13:27)

[0m [90m 11 |[39m                 [36mconst[39m response [33m=[39m [36mawait[39m getPendingApprovals()[33m;[39m
 [90m 12 |[39m                 setApprovals(response[33m.[39mdata)[33m;[39m
[31m[1m>[22m[39m[90m 13 |[39m             } [36mcatch[39m (error[33m:[39m unknown) {
 [90m    |[39m                           [31m[1m^[22m[39m
 [90m 14 |[39m                 [36mconst[39m msg [33m=[39m error [36minstanceof[39m [33mError[39m [33m?[39m error[33m.[39mmessage [33m:[39m [33mString[39m(error)[33m;[39m
 [90m 15 |[39m                 console[33m.[39merror([32m'Error fetching approvals:'[39m[33m,[39m msg)[33m;[39m
 [90m 16 |[39m             } [36mfinally[39m {[0m
Compiling...
Failed to compile.

src\components\ApprovalQueue.tsx
Syntax error: Unexpected token, expected ")" (13:27)

[0m [90m 11 |[39m                 [36mconst[39m response [33m=[39m [36mawait[39m getPendingApprovals()[33m;[39m
 [90m 12 |[39m                 setApprovals(response[33m.[39mdata)[33m;[39m
[31m[1m>[22m[39m[90m 13 |[39m             } [36mcatch[39m (error[33m:[39m unknown) {
 [90m    |[39m                           [31m[1m^[22m[39m
 [90m 14 |[39m                 [36mconst[39m msg [33m=[39m error [36minstanceof[39m [33mError[39m [33m?[39m error[33m.[39mmessage [33m:[39m [33mString[39m(error)[33m;[39m
 [90m 15 |[39m                 console[33m.[39merror([32m'Error fetching approvals:'[39m[33m,[39m msg)[33m;[39m
 [90m 16 |[39m             } [36mfinally[39m {[0m
Compiling...
Failed to compile.

src\components\ApprovalQueue.tsx
Syntax error: Unexpected token, expected ")" (13:27)

[0m [90m 11 |[39m                 [36mconst[39m response [33m=[39m [36mawait[39m getPendingApprovals()[33m;[39m
 [90m 12 |[39m                 setApprovals(response[33m.[39mdata)[33m;[39m
[31m[1m>[22m[39m[90m 13 |[39m             } [36mcatch[39m (error[33m:[39m unknown) {
 [90m    |[39m                           [31m[1m^[22m[39m
 [90m 14 |[39m                 [36mconst[39m msg [33m=[39m error [36minstanceof[39m [33mError[39m [33m?[39m error[33m.[39mmessage [33m:[39m [33mString[39m(error)[33m;[39m
 [90m 15 |[39m                 console[33m.[39merror([32m'Error fetching approvals:'[39m[33m,[39m msg)[33m;[39m
 [90m 16 |[39m             } [36mfinally[39m {[0m
Compiling...
Failed to compile.

src\components\ApprovalQueue.tsx
Syntax error: Unexpected token, expected ")" (28:21)

[0m [90m 26 |[39m             [36mawait[39m approveBooking(id)[33m;[39m
 [90m 27 |[39m             setApprovals(prev [33m=>[39m prev[33m.[39mfilter(a [33m=>[39m a[33m.[39mid [33m!==[39m id))[33m;[39m
[31m[1m>[22m[39m[90m 28 |[39m         } [36mcatch[39m (err[33m:[39m unknown) {
 [90m    |[39m                     [31m[1m^[22m[39m
 [90m 29 |[39m             [36mconst[39m msg [33m=[39m err [36minstanceof[39m [33mError[39m [33m?[39m err[33m.[39mmessage [33m:[39m [33mString[39m(err)[33m;[39m
 [90m 30 |[39m             console[33m.[39merror([32m'approve error'[39m[33m,[39m msg)[33m;[39m
 [90m 31 |[39m         }[0m
Compiling...
Failed to compile.

src\components\ApprovalQueue.tsx
Syntax error: Unexpected token, expected ")" (28:21)

[0m [90m 26 |[39m             [36mawait[39m approveBooking(id)[33m;[39m
 [90m 27 |[39m             setApprovals(prev [33m=>[39m prev[33m.[39mfilter(a [33m=>[39m a[33m.[39mid [33m!==[39m id))[33m;[39m
[31m[1m>[22m[39m[90m 28 |[39m         } [36mcatch[39m (err[33m:[39m unknown) {
 [90m    |[39m                     [31m[1m^[22m[39m
 [90m 29 |[39m             [36mconst[39m msg [33m=[39m err [36minstanceof[39m [33mError[39m [33m?[39m err[33m.[39mmessage [33m:[39m [33mString[39m(err)[33m;[39m
 [90m 30 |[39m             console[33m.[39merror([32m'approve error'[39m[33m,[39m msg)[33m;[39m
 [90m 31 |[39m         }[0m
Compiling...
Failed to compile.

src\components\ApprovalQueue.tsx
Syntax error: Unexpected token, expected ")" (38:21)

[0m [90m 36 |[39m             [36mawait[39m rejectBooking(id)[33m;[39m
 [90m 37 |[39m             setApprovals(prev [33m=>[39m prev[33m.[39mfilter(a [33m=>[39m a[33m.[39mid [33m!==[39m id))[33m;[39m
[31m[1m>[22m[39m[90m 38 |[39m         } [36mcatch[39m (err[33m:[39m unknown) {
 [90m    |[39m                     [31m[1m^[22m[39m
 [90m 39 |[39m             [36mconst[39m msg [33m=[39m err [36minstanceof[39m [33mError[39m [33m?[39m err[33m.[39mmessage [33m:[39m [33mString[39m(err)[33m;[39m
 [90m 40 |[39m             console[33m.[39merror([32m'reject error'[39m[33m,[39m msg)[33m;[39m
 [90m 41 |[39m         }[0m
Compiling...
Failed to compile.

src\components\ApprovalQueue.tsx
Syntax error: Unexpected token, expected ")" (57:21)

[0m [90m 55 |[39m             setLogsByBooking(prev [33m=>[39m ({ [33m...[39mprev[33m,[39m [id][33m:[39m res[33m.[39mdata }))[33m;[39m
 [90m 56 |[39m             setShowingLogs(prev [33m=>[39m ({ [33m...[39mprev[33m,[39m [id][33m:[39m [36mtrue[39m }))[33m;[39m
[31m[1m>[22m[39m[90m 57 |[39m         } [36mcatch[39m (err[33m:[39m unknown) {
 [90m    |[39m                     [31m[1m^[22m[39m
 [90m 58 |[39m             [36mconst[39m msg [33m=[39m err [36minstanceof[39m [33mError[39m [33m?[39m err[33m.[39mmessage [33m:[39m [33mString[39m(err)[33m;[39m
 [90m 59 |[39m             console[33m.[39merror([32m'failed to fetch logs'[39m[33m,[39m msg)[33m;[39m
 [90m 60 |[39m         }[0m
Compiling...
Files successfully emitted, waiting for typecheck results...
Compiling...
Files successfully emitted, waiting for typecheck results...
Compiling...
Compiling...
Files successfully emitted, waiting for typecheck results...
Files successfully emitted, waiting for typecheck results...
Compiling...
Files successfully emitted, waiting for typecheck results...
Compiling...
Failed to compile.

src\pages\Dashboard.tsx
Syntax error: Unexpected token (26:13)

[0m [90m 24 |[39m             [33m<[39m[33mh2[39m[33m>[39m[33mAvailable[39m [33mRooms[39m[33m<[39m[33m/[39m[33mh2[39m[33m>[39m
 [90m 25 |[39m             [33m<[39m
[31m[1m>[22m[39m[90m 26 |[39m             [33m<[39m[33mdiv[39m className[33m=[39m[32m"room-list"[39m[33m>[39m
 [90m    |[39m             [31m[1m^[22m[39m
 [90m 27 |[39m                 {rooms[33m.[39mmap(room [33m=>[39m (
 [90m 28 |[39m                     [33m<[39m[33mRoomCard[39m key[33m=[39m{room[33m.[39mid} room[33m=[39m{room} [33m/[39m[33m>[39m
 [90m 29 |[39m                 ))}[0m
Compiling...
Files successfully emitted, waiting for typecheck results...
Compiling...
Failed to compile.

src\pages\Dashboard.tsx
Syntax error: Unexpected token, expected "," (26:18)

[0m [90m 24 |[39m             [33m<[39m[33mh2[39m[33m>[39m[33mAvailable[39m [33mRooms[39m[33m<[39m[33m/[39m[33mh2[39m[33m>[39m
 [90m 25 |[39m             [33m<[39m[33mRomm[39m
[31m[1m>[22m[39m[90m 26 |[39m             [33m<[39m[33mdiv[39m className[33m=[39m[32m"room-list"[39m[33m>[39m
 [90m    |[39m                  [31m[1m^[22m[39m
 [90m 27 |[39m                 {rooms[33m.[39mmap(room [33m=>[39m (
 [90m 28 |[39m                     [33m<[39m[33mRoomCard[39m key[33m=[39m{room[33m.[39mid} room[33m=[39m{room} [33m/[39m[33m>[39m
 [90m 29 |[39m                 ))}[0m
Compiling...
Failed to compile.

src\pages\Dashboard.tsx
Syntax error: Unexpected token, expected "," (26:18)

[0m [90m 24 |[39m             [33m<[39m[33mh2[39m[33m>[39m[33mAvailable[39m [33mRooms[39m[33m<[39m[33m/[39m[33mh2[39m[33m>[39m
 [90m 25 |[39m             [33m<[39m[33mRoomCard[39m
[31m[1m>[22m[39m[90m 26 |[39m             [33m<[39m[33mdiv[39m className[33m=[39m[32m"room-list"[39m[33m>[39m
 [90m    |[39m                  [31m[1m^[22m[39m
 [90m 27 |[39m                 {rooms[33m.[39mmap(room [33m=>[39m (
 [90m 28 |[39m                     [33m<[39m[33mRoomCard[39m key[33m=[39m{room[33m.[39mid} room[33m=[39m{room} [33m/[39m[33m>[39m
 [90m 29 |[39m                 ))}[0m
Compiling...
Failed to compile.

src\pages\Dashboard.tsx
Syntax error: Expecting Unicode escape sequence \uXXXX. (25:23)

[0m [90m 23 |[39m             [33m<[39m[33mh1[39m[33m>[39m[33mSmart[39m [33mMeeting[39m [33mRoom[39m [33mDashboard[39m[33m<[39m[33m/[39m[33mh1[39m[33m>[39m
 [90m 24 |[39m             [33m<[39m[33mh2[39m[33m>[39m[33mAvailable[39m [33mRooms[39m[33m<[39m[33m/[39m[33mh2[39m[33m>[39m
[31m[1m>[22m[39m[90m 25 |[39m             [33m<[39m[33mRoomCard[39m[37m[41m[1m\[22m[49m[39m[33m>[39m
 [90m    |[39m                       [31m[1m^[22m[39m
 [90m 26 |[39m             [33m<[39m[33mdiv[39m className[33m=[39m[32m"room-list"[39m[33m>[39m
 [90m 27 |[39m                 {rooms[33m.[39mmap(room [33m=>[39m (
 [90m 28 |[39m                     [33m<[39m[33mRoomCard[39m key[33m=[39m{room[33m.[39mid} room[33m=[39m{room} [33m/[39m[33m>[39m[0m
Compiling...
Files successfully emitted, waiting for typecheck results...
Compiling...
Files successfully emitted, waiting for typecheck results...
Compiling...
Files successfully emitted, waiting for typecheck results...
Compiling...
Files successfully emitted, waiting for typecheck results...
Compiling...
Files successfully emitted, waiting for typecheck results...
Compiling...
Files successfully emitted, waiting for typecheck results...
Compiling...
Files successfully emitted, waiting for typecheck results...
Compiling...
Failed to compile.

src\pages\Dashboard.tsx
Syntax error: Identifier 'RoomCard' has already been declared. (4:8)

[0m [90m 2 |[39m [36mimport[39m [33mRoomCard[39m [36mfrom[39m [32m'../components/BookingForm'[39m[33m;[39m
 [90m 3 |[39m [36mimport[39m [33mApprovalQueue[39m [36mfrom[39m [32m'../components/ApprovalQueue'[39m[33m;[39m
[31m[1m>[22m[39m[90m 4 |[39m [36mimport[39m [33mRoomCard[39m [36mfrom[39m [32m'../components/RoomCard'[39m[33m;[39m
 [90m   |[39m        [31m[1m^[22m[39m
 [90m 5 |[39m [36mimport[39m { useEffect[33m,[39m useState } [36mfrom[39m [32m'react'[39m[33m;[39m
 [90m 6 |[39m
 [90m 7 |[39m [36mconst[39m [33mDashboard[39m[33m:[39m [33mReact[39m[33m.[39m[33mFC[39m [33m=[39m () [33m=>[39m {[0m
Compiling...
Files successfully emitted, waiting for typecheck results...
Compiling...
Files successfully emitted, waiting for typecheck results...
Compiling...
Files successfully emitted, waiting for typecheck results...
Compiling...
Files successfully emitted, waiting for typecheck results...
Compiling...
Files successfully emitted, waiting for typecheck results...
Compiling...
Failed to compile.

src\pages\Dashboard.tsx
Syntax error: Identifier 'rooms' has already been declared. (8:12)

[0m [90m  6 |[39m [36mconst[39m [33mDashboard[39m[33m:[39m [33mReact[39m[33m.[39m[33mFC[39m [33m=[39m () [33m=>[39m {
 [90m  7 |[39m     [36mconst[39m [rooms[33m,[39m setRooms] [33m=[39m useState([])[33m;[39m
[31m[1m>[22m[39m[90m  8 |[39m     [36mconst[39m [rooms[33m,[39m setRooms] [33m=[39m useState[33m<[39m[33many[39m[][33m>[39m([])[33m;[39m
 [90m    |[39m            [31m[1m^[22m[39m
 [90m  9 |[39m
 [90m 10 |[39m     useEffect(() [33m=>[39m {
 [90m 11 |[39m         [90m// Fetch room data from the backend API[39m[0m
Compiling...
Files successfully emitted, waiting for typecheck results...
Compiling...
Files successfully emitted, waiting for typecheck results...
Compiling...
Files successfully emitted, waiting for typecheck results...
Compiling...
Files successfully emitted, waiting for typecheck results...
Compiling...
Files successfully emitted, waiting for typecheck results...
Compiling...
Files successfully emitted, waiting for typecheck results...
Compiling...
Files successfully emitted, waiting for typecheck results...
Compiling...
Files successfully emitted, waiting for typecheck results...
Compiling...
Files successfully emitted, waiting for typecheck results...
Compiling...
Files successfully emitted, waiting for typecheck results...
Compiling...
Files successfully emitted, waiting for typecheck results...
Compiling...
Files successfully emitted, waiting for typecheck results...
Compiling...
Files successfully emitted, waiting for typecheck results...
Compiling...
Files successfully emitted, waiting for typecheck results...
Compiling...
Files successfully emitted, waiting for typecheck results...
Compiling...
Files successfully emitted, waiting for typecheck results...
Compiling...
Failed to compile.

src\pages\Dashboard.tsx
Syntax error: Expected corresponding JSX closing tag for <RoomCard>. (29:13)

[0m [90m 27 |[39m                     [33m<[39m[33mRoomCard[39m key[33m=[39m{room[33m.[39mid} value[33m=[39m{r[33m.[39mid}[33m>[39m{r[33m.[39mname} ({r[33m.[39mlocation} [33m/[39m[33m>[39m
 [90m 28 |[39m                 ))}
[31m[1m>[22m[39m[90m 29 |[39m             [33m<[39m[33m/[39m[33mdiv[39m[33m>[39m
 [90m    |[39m             [31m[1m^[22m[39m
 [90m 30 |[39m             [33m<[39m[33mh2[39m[33m>[39m[33mApproval[39m [33mQueue[39m[33m<[39m[33m/[39m[33mh2[39m[33m>[39m
 [90m 31 |[39m             [33m<[39m[33mApprovalQueue[39m [33m/[39m[33m>[39m
 [90m 32 |[39m         [33m<[39m[33m/[39m[33mdiv[39m[33m>[39m[0m
Compiling...
Files successfully emitted, waiting for typecheck results...
Compiling...
Files successfully emitted, waiting for typecheck results...
Compiling...
Files successfully emitted, waiting for typecheck results...
Compiling...
Files successfully emitted, waiting for typecheck results...
Compiling...
Files successfully emitted, waiting for typecheck results...
Compiling...
Failed to compile.

src\pages\Dashboard.tsx
Syntax error: Unexpected token (27:60)

[0m [90m 25 |[39m             [33m<[39m[33mdiv[39m className[33m=[39m[32m"room-list"[39m[33m>[39m
 [90m 26 |[39m                 {rooms[33m.[39mmap(room [33m=>[39m (
[31m[1m>[22m[39m[90m 27 |[39m                     [33m<[39m[33mRoomCard[39m key[33m=[39m{room[33m.[39mid} roomName[33m=[39m{room[33m.[39m} [33m/[39m[33m>[39m
 [90m    |[39m                                                            [31m[1m^[22m[39m
 [90m 28 |[39m                 ))}
 [90m 29 |[39m             [33m<[39m[33m/[39m[33mdiv[39m[33m>[39m
 [90m 30 |[39m             [33m<[39m[33mh2[39m[33m>[39m[33mApproval[39m [33mQueue[39m[33m<[39m[33m/[39m[33mh2[39m[33m>[39m[0m
Compiling...
Files successfully emitted, waiting for typecheck results...
Compiling...
Files successfully emitted, waiting for typecheck results...
Compiling...
Files successfully emitted, waiting for typecheck results...
Compiling...
Files successfully emitted, waiting for typecheck results...
Compiling...
Files successfully emitted, waiting for typecheck results...
Compiling...
Files successfully emitted, waiting for typecheck results...
Compiling...
Files successfully emitted, waiting for typecheck results...
Compiling...
Files successfully emitted, waiting for typecheck results...
Compiling...
Files successfully emitted, waiting for typecheck results...
Compiling...
Files successfully emitted, waiting for typecheck results...
Compiling...
Failed to compile.

src\pages\Dashboard.tsx
Syntax error: Identifier 'data' has already been declared. (15:19)

[0m [90m 13 |[39m             [36mconst[39m data [33m=[39m [36mawait[39m getRooms()[33m;[39m
 [90m 14 |[39m             [36mconst[39m response [33m=[39m [36mawait[39m fetch([32m'/api/rooms'[39m)[33m;[39m
[31m[1m>[22m[39m[90m 15 |[39m             [36mconst[39m data [33m=[39m [36mawait[39m response[33m.[39mjson()[33m;[39m
 [90m    |[39m                   [31m[1m^[22m[39m
 [90m 16 |[39m             setRooms(data)[33m;[39m
 [90m 17 |[39m         }[33m;[39m
 [90m 18 |[39m[0m
Compiling...
Files successfully emitted, waiting for typecheck results...
Compiling...
Failed to compile.

src\pages\Dashboard.tsx
Syntax error: Identifier 'data' has already been declared. (15:19)

[0m [90m 13 |[39m             [36mconst[39m data [33m=[39m [36mawait[39m getRooms()[33m;[39m
 [90m 14 |[39m             [36mconst[39m response [33m=[39m [36mawait[39m fetch([32m'/api/rooms'[39m)[33m;[39m
[31m[1m>[22m[39m[90m 15 |[39m             [36mconst[39m data [33m=[39m [36mawait[39m response[33m.[39mjson()[33m;[39m
 [90m    |[39m                   [31m[1m^[22m[39m
 [90m 16 |[39m             setRooms(data)[33m;[39m
 [90m 17 |[39m         }[33m;[39m
 [90m 18 |[39m[0m
Compiling...
Files successfully emitted, waiting for typecheck results...
Compiling...
Files successfully emitted, waiting for typecheck results...
Compiling...
Files successfully emitted, waiting for typecheck results...
Compiling...
Files successfully emitted, waiting for typecheck results...
Compiling...
Files successfully emitted, waiting for typecheck results...
Compiling...
Files successfully emitted, waiting for typecheck results...
Compiling...
Failed to compile.

src\components\RoomCard.tsx
Syntax error: Unexpected token (15:28)

[0m [90m 13 |[39m             [33m<[39m[33mh2[39m[33m>[39m{roomName}[33m<[39m[33m/[39m[33mh2[39m[33m>[39m
 [90m 14 |[39m             [33m<[39m[33mp[39m[33m>[39m[33mCapacity[39m[33m:[39m {capacity}[33m<[39m[33m/[39m[33mp[39m[33m>[39m
[31m[1m>[22m[39m[90m 15 |[39m             [33m<[39m[33mp[39m[33m>[39m[33mAmenities[39m[33m:[39m {[33m.[39mjoin([32m', '[39mamenities)}[33m<[39m[33m/[39m[33mp[39m[33m>[39m
 [90m    |[39m                            [31m[1m^[22m[39m
 [90m 16 |[39m             [33m<[39m[33mbutton[39m onClick[33m=[39m{onBook}[33m>[39m[33mBook[39m [33mNow[39m[33m<[39m[33m/[39m[33mbutton[39m[33m>[39m
 [90m 17 |[39m         [33m<[39m[33m/[39m[33mdiv[39m[33m>[39m
 [90m 18 |[39m     )[33m;[39m[0m
Compiling...
Files successfully emitted, waiting for typecheck results...
Compiling...
Files successfully emitted, waiting for typecheck results...
Compiling...
Files successfully emitted, waiting for typecheck results...
Compiling...
Failed to compile.

src\pages\Dashboard.tsx
Syntax error: Unterminated regular expression. (39:35)

[0m [90m 37 |[39m                         capacity[33m=[39m{room[33m.[39mcapacity}
 [90m 38 |[39m                         amenities[33m=[39m{room[33m.[39mlocation}
[31m[1m>[22m[39m[90m 39 |[39m                         onBook[33m=[39m{([33m/[39m[33mB[39m) [33m=>[39m console[33m.[39mlog([32m`Booking room ${room.name}`[39m)}
 [90m    |[39m                                   [31m[1m^[22m[39m
 [90m 40 |[39m                     [33m/[39m[33m>[39m
 [90m 41 |[39m                 ))}
 [90m 42 |[39m             [33m<[39m[33m/[39m[33mdiv[39m[33m>[39m[0m
Compiling...
Failed to compile.

src\pages\Dashboard.tsx
Syntax error: Unterminated regular expression. (39:35)

[0m [90m 37 |[39m                         capacity[33m=[39m{room[33m.[39mcapacity}
 [90m 38 |[39m                         amenities[33m=[39m{room[33m.[39mlocation}
[31m[1m>[22m[39m[90m 39 |[39m                         onBook[33m=[39m{([33m/[39m[33mBook[39m) [33m=>[39m console[33m.[39mlog([32m`Booking room ${room.name}`[39m)}
 [90m    |[39m                                   [31m[1m^[22m[39m
 [90m 40 |[39m                     [33m/[39m[33m>[39m
 [90m 41 |[39m                 ))}
 [90m 42 |[39m             [33m<[39m[33m/[39m[33mdiv[39m[33m>[39m[0m
Compiling...
Failed to compile.

src\pages\Dashboard.tsx
Syntax error: Unterminated regular expression. (39:35)

[0m [90m 37 |[39m                         capacity[33m=[39m{room[33m.[39mcapacity}
 [90m 38 |[39m                         amenities[33m=[39m{room[33m.[39mlocation}
[31m[1m>[22m[39m[90m 39 |[39m                         onBook[33m=[39m{([33m/[39m[33mBookingPage[39m) [33m=>[39m console[33m.[39mlog([32m`Booking room ${room.name}`[39m)}
 [90m    |[39m                                   [31m[1m^[22m[39m
 [90m 40 |[39m                     [33m/[39m[33m>[39m
 [90m 41 |[39m                 ))}
 [90m 42 |[39m             [33m<[39m[33m/[39m[33mdiv[39m[33m>[39m[0m
Compiling...
Files successfully emitted, waiting for typecheck results...
Compiling...
Failed to compile.

src\pages\Dashboard.tsx
Syntax error: Unexpected token (39:39)

[0m [90m 37 |[39m                         capacity[33m=[39m{room[33m.[39mcapacity}
 [90m 38 |[39m                         amenities[33m=[39m{room[33m.[39mlocation}
[31m[1m>[22m[39m[90m 39 |[39m                         onBook[33m=[39m{() [33m=>[39m [33m=>[39m navigate([32m`/book/${room.id}`[39m)}
 [90m    |[39m                                       [31m[1m^[22m[39m
 [90m 40 |[39m                     [33m/[39m[33m>[39m
 [90m 41 |[39m                 ))}
 [90m 42 |[39m             [33m<[39m[33m/[39m[33mdiv[39m[33m>[39m[0m
Compiling...
Failed to compile.

src\pages\Dashboard.tsx
Syntax error: Unexpected token (39:39)

[0m [90m 37 |[39m                         capacity[33m=[39m{room[33m.[39mcapacity}
 [90m 38 |[39m                         amenities[33m=[39m{room[33m.[39mlocation}
[31m[1m>[22m[39m[90m 39 |[39m                         onBook[33m=[39m{() [33m=>[39m [33m=>[39m navigate([32m`/book/}`[39m)}
 [90m    |[39m                                       [31m[1m^[22m[39m
 [90m 40 |[39m                     [33m/[39m[33m>[39m
 [90m 41 |[39m                 ))}
 [90m 42 |[39m             [33m<[39m[33m/[39m[33mdiv[39m[33m>[39m[0m
Compiling...
Failed to compile.

src\pages\Dashboard.tsx
Syntax error: Unexpected token (39:39)

[0m [90m 37 |[39m                         capacity[33m=[39m{room[33m.[39mcapacity}
 [90m 38 |[39m                         amenities[33m=[39m{room[33m.[39mlocation}
[31m[1m>[22m[39m[90m 39 |[39m                         onBook[33m=[39m{() [33m=>[39m [33m=>[39m navigate([32m`/book/}`[39m)}
 [90m    |[39m                                       [31m[1m^[22m[39m
 [90m 40 |[39m                     [33m/[39m
 [90m 41 |[39m                 ))}
 [90m 42 |[39m             [33m<[39m[33m/[39m[33mdiv[39m[33m>[39m[0m
Compiling...
Failed to compile.

src\pages\Dashboard.tsx
Syntax error: Unexpected token (39:39)

[0m [90m 37 |[39m                         capacity[33m=[39m{room[33m.[39mcapacity}
 [90m 38 |[39m                         amenities[33m=[39m{room[33m.[39mlocation}
[31m[1m>[22m[39m[90m 39 |[39m                         onBook[33m=[39m{() [33m=>[39m [33m=>[39m navigate([32m`/book/}`[39m)}
 [90m    |[39m                                       [31m[1m^[22m[39m
 [90m 40 |[39m                     [33m/[39m[33m>[39m
 [90m 41 |[39m                 ))}
 [90m 42 |[39m             [33m<[39m[33m/[39m[33mdiv[39m[33m>[39m[0m
Compiling...
Failed to compile.

src\pages\Dashboard.tsx
Syntax error: Unexpected token (39:39)

[0m [90m 37 |[39m                         capacity[33m=[39m{room[33m.[39mcapacity}
 [90m 38 |[39m                         amenities[33m=[39m{room[33m.[39mlocation}
[31m[1m>[22m[39m[90m 39 |[39m                         onBook[33m=[39m{() [33m=>[39m [33m=>[39m navigate([32m`/book`[39m)}
 [90m    |[39m                                       [31m[1m^[22m[39m
 [90m 40 |[39m                     [33m/[39m[33m>[39m
 [90m 41 |[39m                 ))}
 [90m 42 |[39m             [33m<[39m[33m/[39m[33mdiv[39m[33m>[39m[0m
Compiling...
Files successfully emitted, waiting for typecheck results...
Compiling...
Files successfully emitted, waiting for typecheck results...
Compiling...
Failed to compile.

./src/pages/Dashboard.tsx
Attempted import error: 'useNavigate' is not exported from 'react-router-dom'.
Compiling...
Files successfully emitted, waiting for typecheck results...
Compiling...
Files successfully emitted, waiting for typecheck results...
Compiling...
Failed to compile.

./src/pages/Dashboard.tsx
Attempted import error: 'useNavigate' is not exported from 'react-router-dom'.
Compiling...
Files successfully emitted, waiting for typecheck results...
Compiling...
Files successfully emitted, waiting for typecheck results...
Compiling...
Files successfully emitted, waiting for typecheck results...
Compiling...
Files successfully emitted, waiting for typecheck results...
Compiling...
Files successfully emitted, waiting for typecheck results...
Compiling...
Files successfully emitted, waiting for typecheck results...
Compiling...
Files successfully emitted, waiting for typecheck results...
Compiling...
Files successfully emitted, waiting for typecheck results...
Compiling...
Files successfully emitted, waiting for typecheck results...
Compiling...
Files successfully emitted, waiting for typecheck results...
Compiling...
Files successfully emitted, waiting for typecheck results...
Compiling...
Files successfully emitted, waiting for typecheck results...
Compiling...
Files successfully emitted, waiting for typecheck results...
Compiling...
Files successfully emitted, waiting for typecheck results...
Compiling...
Files successfully emitted, waiting for typecheck results...
Compiling...
Failed to compile.

src\components\BookingForm.tsx
Syntax error: Missing semicolon. (1:5)

[0m[31m[1m>[22m[39m[90m 1 |[39m [33mSkip[39m to content
 [90m   |[39m     [31m[1m^[22m[39m
 [90m 2 |[39m [33mChat[39m history
 [90m 3 |[39m
 [90m 4 |[39m [33mYou[39m said[33m:[39m[0m
Compiling...
Files successfully emitted, waiting for typecheck results...
Compiling...
Files successfully emitted, waiting for typecheck results...
Compiling...
Files successfully emitted, waiting for typecheck results...
Compiling...
Files successfully emitted, waiting for typecheck results...
Compiling...
Files successfully emitted, waiting for typecheck results...
Compiling...
Files successfully emitted, waiting for typecheck results...
Compiling...
Files successfully emitted, waiting for typecheck results...
Compiling...
Files successfully emitted, waiting for typecheck results...
Compiling...
Files successfully emitted, waiting for typecheck results...
